
[master/BASE 3]
+ populate master and minimal layouts
+ add more config params for cuztomization
+ populate blade files with layouts
+ add toolbox for googlefont
+ add scss for colorswatch
+ implement config & toolbox for webfont


[master/BASE 2]
- remove welome.blade.php
+ add view files
+ add routes & controllers
+ implement middleware for access control

[master/BASE 1]
+ add controller siteController
+ add controller cpanelController
+ add middleware accessSite
+ add middleware accessCpanel
+ add config site/pref.php
+ add config cpanel/pref.php

[master/BASE 0]
+ add debug.log
+ edit readme.md
+ app name
+ .gitignore > remove .env
+ edit .env
+ edit config/app.php
+ git init